<?xml version="1.0" encoding="UTF-8"?>
<testng-results ignored="0" total="1" passed="1" failed="0" skipped="0">
  <reporter-output>
  </reporter-output>
  <suite started-at="2026-03-09T19:01:05 IST" name="TwitchAutomationSuite" finished-at="2026-03-09T19:02:23 IST" duration-ms="78697">
    <groups>
    </groups>
    <test started-at="2026-03-09T19:01:05 IST" name="TwitchTest" finished-at="2026-03-09T19:02:23 IST" duration-ms="78697">
      <class name="com.automation.tests.TwitchTest">
        <test-method is-config="true" signature="setup()[pri:0, instance:com.automation.tests.TwitchTest@55b7a4e0]" started-at="2026-03-09T19:01:05 IST" name="setup" finished-at="2026-03-09T19:01:12 IST" duration-ms="7225" status="PASS">
          <reporter-output>
          </reporter-output>
        </test-method> <!-- setup -->
        <test-method signature="testTwitchSearch()[pri:0, instance:com.automation.tests.TwitchTest@55b7a4e0]" started-at="2026-03-09T19:01:12 IST" name="testTwitchSearch" finished-at="2026-03-09T19:02:22 IST" duration-ms="70259" status="PASS">
          <reporter-output>
          </reporter-output>
        </test-method> <!-- testTwitchSearch -->
        <test-method is-config="true" signature="tearDown()[pri:0, instance:com.automation.tests.TwitchTest@55b7a4e0]" started-at="2026-03-09T19:02:22 IST" name="tearDown" finished-at="2026-03-09T19:02:23 IST" duration-ms="1103" status="PASS">
          <reporter-output>
          </reporter-output>
        </test-method> <!-- tearDown -->
      </class> <!-- com.automation.tests.TwitchTest -->
    </test> <!-- TwitchTest -->
  </suite> <!-- TwitchAutomationSuite -->
</testng-results>
